~o
<VecSize> 1
<MFCC_0_Z>
~h "male"
<BeginHMM>
     <NumStates> 3
         <State> 2
             <Mean> 3
                 0.0 0.0 0.0 
             <Variance> 3
                 1.0 1.0 1.0
         <TransP> 3
             0.0 1.0 0.0
             0.0 0.5 0.5
             0.0 0.0 0.0
        
<EndHMM>
~h "female"
<BeginHMM>
     <NumStates> 3
         <State> 2
             <Mean> 3
                 0.0 0.0 0.0 
             <Variance> 3
                 1.0 1.0 1.0
	 <TransP> 3
             0.0 1.0 0.0
             0.0 0.5 0.5
             0.0 0.0 0.0
        
<EndHMM>

