~o
  <VecSize> 14 
  <MFCC_0_Z>
~h "male"
<BeginHMM>
     <NumStates> 3
         <State> 2
             <Mean> 14
                 0.0 0.0 0.0 0.0 0.0 0.0 0.0 0.0 0.0 0.0 0.0 0.0 0.0 0.0  
             <Variance> 14
                 1.0 1.0 1.0 1.0 1.0 1.0 1.0 1.0 1.0 1.0 1.0 1.0 1.0 1.0 
         <TransP> 3
             0.0 1.0 0.0
             0.0 0.5 0.5
             0.0 0.0 0.0
        
<EndHMM>
~h "female"
<BeginHMM>
     <NumStates> 3
         <State> 2
              <Mean> 14
                 0.0 0.0 0.0 0.0 0.0 0.0 0.0 0.0 0.0 0.0 0.0 0.0 0.0 0.0  
             <Variance> 14
                 1.0 1.0 1.0 1.0 1.0 1.0 1.0 1.0 1.0 1.0 1.0 1.0 1.0 1.0
	 <TransP> 3
             0.0 1.0 0.0
             0.0 0.5 0.5
             0.0 0.0 0.0
        
<EndHMM>

